<?xml version="1.0" encoding="UTF-8"?>
<!-- Generated by org.testng.reporters.JUnitReportReporter -->
<testsuite hostname="LAPTOP-66KHMHA0" failures="0" tests="1" name="testscript.HomeTest" time="20.294" errors="0" timestamp="2025-10-06T17:50:21 IST" skipped="0">
  <testcase classname="testscript.HomeTest" name="verifylogout" time="20.294"/>
</testsuite> <!-- testscript.HomeTest -->
