<?xml version="1.0" encoding="UTF-8"?>
<!-- Generated by org.testng.reporters.JUnitReportReporter -->
<testsuite hostname="LAPTOP-66KHMHA0" failures="0" tests="1" name="testscript.LoginTest" time="9.306" errors="0" timestamp="2025-09-28T00:28:06 IST" skipped="0">
  <testcase classname="testscript.LoginTest" name="verifyloginwithValidUsernameInvalidpassword" time="9.306"/>
</testsuite> <!-- testscript.LoginTest -->
