<?xml version="1.0" encoding="UTF-8"?>
<!-- Generated by org.testng.reporters.JUnitReportReporter -->
<testsuite hostname="LAPTOP-66KHMHA0" failures="0" tests="1" name="testscript.AdminTest" time="6.030" errors="0" timestamp="2025-09-23T02:12:15 IST" skipped="0">
  <testcase classname="testscript.AdminTest" name="verifyRefreshbutton" time="6.030"/>
</testsuite> <!-- testscript.AdminTest -->
