<?xml version="1.0" encoding="UTF-8"?>
<!-- Generated by org.testng.reporters.JUnitReportReporter -->
<testsuite hostname="LAPTOP-66KHMHA0" failures="0" tests="6" name="testscript.LoginTest" time="24.228" errors="0" timestamp="2025-09-18T17:16:25 IST" skipped="0">
  <testcase classname="testscript.LoginTest" name="verifyloginwithValidCredentials" time="5.038"/>
  <testcase classname="testscript.LoginTest" name="verifyloginwithValidUsernameInvalidpassword" time="2.685"/>
  <testcase classname="testscript.LoginTest" name="verifyloginwithInvalidusernameValidPassword" time="4.637"/>
  <testcase classname="testscript.LoginTest" name="verifyloginwithInvalidCredentials" time="2.728"/>
  <testcase classname="testscript.LoginTest" name="verifyloginwithInvalidCredentials" time="4.190"/>
  <testcase classname="testscript.LoginTest" name="verifyloginwithInvalidCredentials" time="4.950"/>
</testsuite> <!-- testscript.LoginTest -->
