<?xml version="1.0" encoding="UTF-8"?>
<!-- Generated by org.testng.reporters.JUnitReportReporter -->
<testsuite hostname="LAPTOP-66KHMHA0" failures="0" tests="1" name="testscript.NewsTest" time="10.915" errors="0" timestamp="2025-09-22T11:15:44 IST" skipped="0">
  <testcase classname="testscript.NewsTest" name="verifyReturntohome" time="10.915"/>
</testsuite> <!-- testscript.NewsTest -->
