<?xml version="1.0" encoding="UTF-8"?>
<!-- Generated by org.testng.reporters.JUnitReportReporter -->
<testsuite hostname="LAPTOP-66KHMHA0" failures="0" tests="1" name="testscript.HomeTest" time="14.091" errors="0" timestamp="2025-09-18T03:16:50 IST" skipped="0">
  <testcase classname="testscript.HomeTest" name="verifylogout" time="14.091"/>
</testsuite> <!-- testscript.HomeTest -->
