<?xml version="1.0" encoding="UTF-8"?>
<!-- Generated by org.testng.reporters.JUnitReportReporter -->
<testsuite hostname="LAPTOP-66KHMHA0" failures="0" tests="1" name="testscript.HomeTest" time="4.742" errors="0" timestamp="2025-09-18T17:13:57 IST" skipped="0">
  <testcase classname="testscript.HomeTest" name="verifylogout" time="4.742"/>
</testsuite> <!-- testscript.HomeTest -->
