<?xml version="1.0" encoding="UTF-8"?>
<!-- Generated by org.testng.reporters.JUnitReportReporter -->
<testsuite hostname="LAPTOP-66KHMHA0" failures="0" tests="2" name="testscript.NewsTest" time="21.270" errors="0" timestamp="2025-10-03T10:39:52 IST" skipped="0">
  <testcase classname="testscript.NewsTest" name="verifyAddNews" time="10.704"/>
  <testcase classname="testscript.NewsTest" name="verifyReturntohome" time="10.566"/>
</testsuite> <!-- testscript.NewsTest -->
