<?xml version="1.0" encoding="UTF-8"?>
<!-- Generated by org.testng.reporters.JUnitReportReporter -->
<testsuite hostname="LAPTOP-66KHMHA0" failures="0" tests="1" name="testscript.HomeTest" time="12.655" errors="0" timestamp="2025-09-29T02:11:34 IST" skipped="0">
  <testcase classname="testscript.HomeTest" name="verifylogout" time="12.655"/>
</testsuite> <!-- testscript.HomeTest -->
