<?xml version="1.0" encoding="UTF-8"?>
<!-- Generated by org.testng.reporters.JUnitReportReporter -->
<testsuite hostname="LAPTOP-66KHMHA0" failures="0" tests="1" name="testscript.NewsTest" time="5.732" errors="0" timestamp="2025-09-29T02:43:03 IST" skipped="0">
  <testcase classname="testscript.NewsTest" name="verifyAddNews" time="5.732"/>
</testsuite> <!-- testscript.NewsTest -->
